#
# There is insufficient memory for the Java Runtime Environment to continue.
# Native memory allocation (malloc) failed to allocate 32744 bytes for ChunkPool::allocate
# Possible reasons:
#   The system is out of physical RAM or swap space
#   In 32 bit mode, the process size limit was hit
# Possible solutions:
#   Reduce memory load on the system
#   Increase physical memory or swap space
#   Check if swap backing store is full
#   Use 64 bit Java on a 64 bit OS
#   Decrease Java heap size (-Xmx/-Xms)
#   Decrease number of Java threads
#   Decrease Java thread stack sizes (-Xss)
#   Set larger code cache with -XX:ReservedCodeCacheSize=
# This output file may be truncated or incomplete.
#
#  Out of Memory Error (allocation.cpp:273), pid=10084, tid=46688
#
# JRE version: Java(TM) SE Runtime Environment (8.0_40-b25) (build 1.8.0_40-b25)
# Java VM: Java HotSpot(TM) 64-Bit Server VM (25.40-b25 mixed mode windows-amd64 compressed oops)
# Failed to write core dump. Minidumps are not enabled by default on client versions of Windows
#

---------------  T H R E A D  ---------------

Current thread (0x000000001c56e800):  JavaThread "background-preinit" [_thread_in_vm, id=46688, stack(0x000000001e950000,0x000000001ea50000)]

Stack: [0x000000001e950000,0x000000001ea50000]
Native frames: (J=compiled Java code, j=interpreted, Vv=VM code, C=native code)
V  [jvm.dll+0x32b47a]
V  [jvm.dll+0x2797f3]
V  [jvm.dll+0x27a489]
V  [jvm.dll+0x2717a5]
V  [jvm.dll+0xcb7c4]
V  [jvm.dll+0xcb9e7]
V  [jvm.dll+0xcbe6c]
V  [jvm.dll+0x12dae0]
V  [jvm.dll+0x12fdaf]
V  [jvm.dll+0x1300d3]
V  [jvm.dll+0x12ed68]
V  [jvm.dll+0x12fbfa]
V  [jvm.dll+0x130558]
V  [jvm.dll+0x12a732]
V  [jvm.dll+0x1f3da5]
V  [jvm.dll+0x1f3ee1]
V  [jvm.dll+0x234534]
V  [jvm.dll+0xb8cb8]
V  [jvm.dll+0xbac85]
C  0x00000000058a14c3

Java frames: (J=compiled Java code, j=interpreted, Vv=VM code)
j  com.sun.org.apache.xerces.internal.impl.XMLScanner.scanAttributeValue(Lcom/sun/org/apache/xerces/internal/xni/XMLString;Lcom/sun/org/apache/xerces/internal/xni/XMLString;Ljava/lang/String;Lcom/sun/org/apache/xerces/internal/xni/XMLAttributes;IZ)V+0
J 1389 C1 com.sun.org.apache.xerces.internal.impl.XMLDocumentFragmentScannerImpl.scanAttribute(Lcom/sun/org/apache/xerces/internal/xni/XMLAttributes;)V (230 bytes) @ 0x0000000005bc3234 [0x0000000005bc2ec0+0x374]
j  com.sun.org.apache.xerces.internal.impl.XMLDocumentFragmentScannerImpl.scanStartElement()Z+216
j  com.sun.org.apache.xerces.internal.impl.XMLDocumentFragmentScannerImpl$FragmentContentDriver.next()I+435
J 1383 C1 com.sun.org.apache.xerces.internal.impl.XMLDocumentScannerImpl.next()I (10 bytes) @ 0x0000000005bc19e4 [0x0000000005bc19a0+0x44]
j  com.sun.org.apache.xerces.internal.impl.XMLDocumentFragmentScannerImpl.scanDocument(Z)Z+238
j  com.sun.org.apache.xerces.internal.parsers.XML11Configuration.parse(Z)Z+123
j  com.sun.org.apache.xerces.internal.parsers.XML11Configuration.parse(Lcom/sun/org/apache/xerces/internal/xni/parser/XMLInputSource;)V+29
j  com.sun.org.apache.xerces.internal.parsers.XMLParser.parse(Lcom/sun/org/apache/xerces/internal/xni/parser/XMLInputSource;)V+76
j  com.sun.org.apache.xerces.internal.parsers.AbstractSAXParser.parse(Lorg/xml/sax/InputSource;)V+43
j  com.sun.org.apache.xerces.internal.jaxp.SAXParserImpl$JAXPSAXParser.parse(Lorg/xml/sax/InputSource;)V+53
j  org.apache.tomcat.util.digester.Digester.parse(Ljava/io/InputStream;)Ljava/lang/Object;+18
j  org.apache.tomcat.util.modeler.modules.MbeansDescriptorsDigesterSource.execute()V+61
j  org.apache.tomcat.util.modeler.modules.MbeansDescriptorsDigesterSource.loadDescriptors(Lorg/apache/tomcat/util/modeler/Registry;Ljava/lang/String;Ljava/lang/Object;)Ljava/util/List;+11
j  org.apache.tomcat.util.modeler.Registry.load(Ljava/lang/String;Ljava/lang/Object;Ljava/lang/String;)Ljava/util/List;+215
j  org.apache.tomcat.util.modeler.Registry.loadDescriptors(Ljava/lang/String;Ljava/lang/ClassLoader;)V+139
j  org.apache.catalina.mbeans.MBeanUtils.createRegistry()Lorg/apache/tomcat/util/modeler/Registry;+45
j  org.apache.catalina.mbeans.MBeanUtils.<clinit>()V+58
v  ~StubRoutines::call_stub
j  org.apache.catalina.mbeans.MBeanFactory.<clinit>()V+18
v  ~StubRoutines::call_stub
j  org.springframework.boot.autoconfigure.BackgroundPreinitializer$MBeanFactoryInitializer.run()V+0
j  org.springframework.boot.autoconfigure.BackgroundPreinitializer$1.runSafely(Ljava/lang/Runnable;)V+1
j  org.springframework.boot.autoconfigure.BackgroundPreinitializer$1.run()V+21
j  java.lang.Thread.run()V+11
v  ~StubRoutines::call_stub

---------------  P R O C E S S  ---------------

Java Threads: ( => current thread )
=>0x000000001c56e800 JavaThread "background-preinit" [_thread_in_vm, id=46688, stack(0x000000001e950000,0x000000001ea50000)]
  0x000000001c2b9000 JavaThread "restartedMain" [_thread_blocked, id=49336, stack(0x000000001e550000,0x000000001e650000)]
  0x000000001c2aa800 JavaThread "RMI Scheduler(0)" daemon [_thread_blocked, id=23836, stack(0x000000001e450000,0x000000001e550000)]
  0x000000001d3d4800 JavaThread "Thread-1" [_thread_blocked, id=45524, stack(0x000000001e350000,0x000000001e450000)]
  0x000000001c2a3800 JavaThread "RMI TCP Connection(1)-192.168.1.101" daemon [_thread_in_native, id=47436, stack(0x000000001d280000,0x000000001d380000)]
  0x000000001bfc1000 JavaThread "RMI TCP Accept-0" daemon [_thread_in_native, id=46612, stack(0x000000001ca90000,0x000000001cb90000)]
  0x000000001bf38000 JavaThread "Service Thread" daemon [_thread_blocked, id=48784, stack(0x000000001c990000,0x000000001ca90000)]
  0x000000001bdd2800 JavaThread "C1 CompilerThread2" daemon [_thread_blocked, id=45036, stack(0x000000001c890000,0x000000001c990000)]
  0x000000001bdcd000 JavaThread "C2 CompilerThread1" daemon [_thread_blocked, id=49312, stack(0x000000001c790000,0x000000001c890000)]
  0x000000001bdb7000 JavaThread "C2 CompilerThread0" daemon [_thread_blocked, id=23276, stack(0x000000001c690000,0x000000001c790000)]
  0x000000001bb8d800 JavaThread "Monitor Ctrl-Break" daemon [_thread_in_native, id=49460, stack(0x000000001c590000,0x000000001c690000)]
  0x000000001a342800 JavaThread "Attach Listener" daemon [_thread_blocked, id=49644, stack(0x000000001bc90000,0x000000001bd90000)]
  0x000000001b7d3800 JavaThread "Signal Dispatcher" daemon [_thread_blocked, id=6804, stack(0x000000001bb90000,0x000000001bc90000)]
  0x000000001a2f9000 JavaThread "Finalizer" daemon [_thread_blocked, id=17572, stack(0x000000001b590000,0x000000001b690000)]
  0x00000000056f4800 JavaThread "Reference Handler" daemon [_thread_blocked, id=49296, stack(0x000000001b490000,0x000000001b590000)]
  0x0000000005607000 JavaThread "main" [_thread_blocked, id=1936, stack(0x0000000005460000,0x0000000005560000)]

Other Threads:
  0x000000001a2f7000 VMThread [stack: 0x000000001b390000,0x000000001b490000] [id=48768]
  0x000000001bfb1000 WatcherThread [stack: 0x000000001cc80000,0x000000001cd80000] [id=31716]

VM state:not at safepoint (normal execution)

VM Mutex/Monitor currently owned by a thread:  ([mutex/lock_event])
[0x0000000005606e40] MethodData_lock - owner thread: 0x000000001c56e800

Heap:
 PSYoungGen      total 37888K, used 32784K [0x00000000d6300000, 0x00000000dad00000, 0x0000000100000000)
  eden space 32768K, 84% used [0x00000000d6300000,0x00000000d7e087e0,0x00000000d8300000)
  from space 5120K, 99% used [0x00000000d8800000,0x00000000d8cfbb88,0x00000000d8d00000)
  to   space 5120K, 0% used [0x00000000d8300000,0x00000000d8300000,0x00000000d8800000)
 ParOldGen       total 86016K, used 758K [0x0000000082800000, 0x0000000087c00000, 0x00000000d6300000)
  object space 86016K, 0% used [0x0000000082800000,0x00000000828bd900,0x0000000087c00000)
 Metaspace       used 16313K, capacity 16636K, committed 16896K, reserved 1064960K
  class space    used 2086K, capacity 2181K, committed 2304K, reserved 1048576K

Card table byte_map: [0x0000000014c50000,0x0000000015040000] byte_map_base: 0x000000001483c000

Marking Bits: (ParMarkBitMap*) 0x0000000059b34040
 Begin Bits: [0x00000000156e0000, 0x0000000017640000)
 End Bits:   [0x0000000017640000, 0x00000000195a0000)

Polling page: 0x0000000003730000

CodeCache: size=245760Kb used=3355Kb max_used=3355Kb free=242404Kb
 bounds [0x0000000005890000, 0x0000000005be0000, 0x0000000014890000]
 total_blobs=1782 nmethods=1403 adapters=291
 compilation: enabled

Compilation events (10 events):
Event: 4.699 Thread 0x000000001bdd2800 nmethod 1390 0x0000000005bc4690 code [0x0000000005bc4820, 0x0000000005bc4b28]
Event: 4.699 Thread 0x000000001bdd2800 1392       1       org.apache.tomcat.util.digester.ArrayStack::push (8 bytes)
Event: 4.699 Thread 0x000000001bdd2800 nmethod 1392 0x0000000005bc4dd0 code [0x0000000005bc4f40, 0x0000000005bc5188]
Event: 4.699 Thread 0x000000001bdd2800 1395       1       com.sun.org.apache.xerces.internal.impl.XMLDocumentFragmentScannerImpl::seekCloseOfStartTag (119 bytes)
Event: 4.700 Thread 0x000000001bdd2800 nmethod 1395 0x0000000005bc5390 code [0x0000000005bc5560, 0x0000000005bc5b08]
Event: 4.700 Thread 0x000000001bdd2800 1393       1       org.apache.tomcat.util.digester.ArrayStack::pop (25 bytes)
Event: 4.700 Thread 0x000000001bdd2800 nmethod 1393 0x0000000005bc5fd0 code [0x0000000005bc6140, 0x0000000005bc62d8]
Event: 4.700 Thread 0x000000001bdd2800 1396       1       org.apache.tomcat.util.IntrospectionUtils::replaceProperties (294 bytes)
Event: 4.702 Thread 0x000000001bdd2800 nmethod 1396 0x0000000005bc65d0 code [0x0000000005bc6880, 0x0000000005bc7348]
Event: 4.702 Thread 0x000000001bdd2800 1399   !   1       org.apache.tomcat.util.IntrospectionUtils::setProperty (884 bytes)

GC Heap History (4 events):
Event: 2.632 GC heap before
{Heap before GC invocations=1 (full 0):
 PSYoungGen      total 37888K, used 32768K [0x00000000d6300000, 0x00000000d8d00000, 0x0000000100000000)
  eden space 32768K, 100% used [0x00000000d6300000,0x00000000d8300000,0x00000000d8300000)
  from space 5120K, 0% used [0x00000000d8800000,0x00000000d8800000,0x00000000d8d00000)
  to   space 5120K, 0% used [0x00000000d8300000,0x00000000d8300000,0x00000000d8800000)
 ParOldGen       total 86016K, used 0K [0x0000000082800000, 0x0000000087c00000, 0x00000000d6300000)
  object space 86016K, 0% used [0x0000000082800000,0x0000000082800000,0x0000000087c00000)
 Metaspace       used 9009K, capacity 9192K, committed 9344K, reserved 1056768K
  class space    used 1087K, capacity 1118K, committed 1152K, reserved 1048576K
Event: 2.644 GC heap after
Heap after GC invocations=1 (full 0):
 PSYoungGen      total 37888K, used 5119K [0x00000000d6300000, 0x00000000d8d00000, 0x0000000100000000)
  eden space 32768K, 0% used [0x00000000d6300000,0x00000000d6300000,0x00000000d8300000)
  from space 5120K, 99% used [0x00000000d8300000,0x00000000d87ffff8,0x00000000d8800000)
  to   space 5120K, 0% used [0x00000000d8800000,0x00000000d8800000,0x00000000d8d00000)
 ParOldGen       total 86016K, used 8K [0x0000000082800000, 0x0000000087c00000, 0x00000000d6300000)
  object space 86016K, 0% used [0x0000000082800000,0x0000000082802000,0x0000000087c00000)
 Metaspace       used 9009K, capacity 9192K, committed 9344K, reserved 1056768K
  class space    used 1087K, capacity 1118K, committed 1152K, reserved 1048576K
}
Event: 4.053 GC heap before
{Heap before GC invocations=2 (full 0):
 PSYoungGen      total 37888K, used 37887K [0x00000000d6300000, 0x00000000d8d00000, 0x0000000100000000)
  eden space 32768K, 100% used [0x00000000d6300000,0x00000000d8300000,0x00000000d8300000)
  from space 5120K, 99% used [0x00000000d8300000,0x00000000d87ffff8,0x00000000d8800000)
  to   space 5120K, 0% used [0x00000000d8800000,0x00000000d8800000,0x00000000d8d00000)
 ParOldGen       total 86016K, used 8K [0x0000000082800000, 0x0000000087c00000, 0x00000000d6300000)
  object space 86016K, 0% used [0x0000000082800000,0x0000000082802000,0x0000000087c00000)
 Metaspace       used 12842K, capacity 13134K, committed 13312K, reserved 1060864K
  class space    used 1606K, capacity 1688K, committed 1792K, reserved 1048576K
Event: 4.104 GC heap after
Heap after GC invocations=2 (full 0):
 PSYoungGen      total 37888K, used 5102K [0x00000000d6300000, 0x00000000dad00000, 0x0000000100000000)
  eden space 32768K, 0% used [0x00000000d6300000,0x00000000d6300000,0x00000000d8300000)
  from space 5120K, 99% used [0x00000000d8800000,0x00000000d8cfbb88,0x00000000d8d00000)
  to   space 5120K, 0% used [0x00000000d8300000,0x00000000d8300000,0x00000000d8800000)
 ParOldGen       total 86016K, used 758K [0x0000000082800000, 0x0000000087c00000, 0x00000000d6300000)
  object space 86016K, 0% used [0x0000000082800000,0x00000000828bd900,0x0000000087c00000)
 Metaspace       used 12842K, capacity 13134K, committed 13312K, reserved 1060864K
  class space    used 1606K, capacity 1688K, committed 1792K, reserved 1048576K
}

Deoptimization events (0 events):
No events

Internal exceptions (10 events):
Event: 3.826 Thread 0x000000001c2b9000 Exception <a 'java/lang/ArrayIndexOutOfBoundsException'> (0x00000000d7e6e910) thrown at [D:\re\workspace\8-2-build-windows-amd64-cygwin\jdk8u40\2855\hotspot\src\share\vm\runtime\sharedRuntime.cpp, line 605]
Event: 4.114 Thread 0x000000001c2a3800 Exception <a 'java/lang/reflect/InvocationTargetException'> (0x00000000d6309780) thrown at [D:\re\workspace\8-2-build-windows-amd64-cygwin\jdk8u40\2855\hotspot\src\share\vm\runtime\reflection.cpp, line 1080]
Event: 4.351 Thread 0x000000001c2b9000 Exception <a 'java/lang/ArrayIndexOutOfBoundsException'> (0x00000000d70dba88) thrown at [D:\re\workspace\8-2-build-windows-amd64-cygwin\jdk8u40\2855\hotspot\src\share\vm\runtime\sharedRuntime.cpp, line 605]
Event: 4.352 Thread 0x000000001c2b9000 Exception <a 'java/lang/ArrayIndexOutOfBoundsException'> (0x00000000d70ddee8) thrown at [D:\re\workspace\8-2-build-windows-amd64-cygwin\jdk8u40\2855\hotspot\src\share\vm\runtime\sharedRuntime.cpp, line 605]
Event: 4.354 Thread 0x000000001c2b9000 Exception <a 'java/lang/ArrayIndexOutOfBoundsException'> (0x00000000d70e2918) thrown at [D:\re\workspace\8-2-build-windows-amd64-cygwin\jdk8u40\2855\hotspot\src\share\vm\runtime\sharedRuntime.cpp, line 605]
Event: 4.355 Thread 0x000000001c2b9000 Exception <a 'java/lang/ArrayIndexOutOfBoundsException'> (0x00000000d70f6e38) thrown at [D:\re\workspace\8-2-build-windows-amd64-cygwin\jdk8u40\2855\hotspot\src\share\vm\runtime\sharedRuntime.cpp, line 605]
Event: 4.358 Thread 0x000000001c2b9000 Exception <a 'java/lang/ArrayIndexOutOfBoundsException'> (0x00000000d718d5b0) thrown at [D:\re\workspace\8-2-build-windows-amd64-cygwin\jdk8u40\2855\hotspot\src\share\vm\runtime\sharedRuntime.cpp, line 605]
Event: 4.417 Thread 0x000000001c2b9000 Exception <a 'java/lang/ArrayIndexOutOfBoundsException'> (0x00000000d719c4d0) thrown at [D:\re\workspace\8-2-build-windows-amd64-cygwin\jdk8u40\2855\hotspot\src\share\vm\runtime\sharedRuntime.cpp, line 605]
Event: 4.422 Thread 0x000000001c2b9000 Exception <a 'java/lang/ArrayIndexOutOfBoundsException'> (0x00000000d71b18c8) thrown at [D:\re\workspace\8-2-build-windows-amd64-cygwin\jdk8u40\2855\hotspot\src\share\vm\runtime\sharedRuntime.cpp, line 605]
Event: 4.445 Thread 0x000000001c2b9000 Exception <a 'java/lang/NoSuchMethodError': org.slf4j.impl.StaticMDCBinder.getSingleton()Lorg/slf4j/impl/StaticMDCBinder;> (0x00000000d724b0e8) thrown at [D:\re\workspace\8-2-build-windows-amd64-cygwin\jdk8u40\2855\hotspot\src\share\vm\interpreter\linkResoß*Â.n›@

Events (10 events):
Event: 4.704 loading class org/springframework/expression/spel/support/StandardTypeLocator
Event: 4.704 loading class org/springframework/expression/spel/support/StandardTypeLocator done
Event: 4.705 loading class org/springframework/expression/TypeLocator
Event: 4.705 loading class org/springframework/expression/TypeLocator done
Event: 4.706 loading class org/springframework/boot/type/classreading/ConcurrentReferenceCachingMetadataReaderFactory
Event: 4.706 loading class org/springframework/boot/type/classreading/ConcurrentReferenceCachingMetadataReaderFactory done
Event: 4.707 loading class org/springframework/beans/factory/support/DisposableBeanAdapter
Event: 4.707 loading class org/springframework/beans/factory/support/DisposableBeanAdapter done
Event: 4.708 loading class org/springframework/beans/PropertyAccessorUtils
Event: 4.708 loading class org/springframework/beans/PropertyAccessorUtils done


Dynamic libraries:
0x00007ff6c2300000 - 0x00007ff6c2337000 	C:\Program Files\Java\jdk1.8.0_40\bin\java.exe
0x00007fffc3d50000 - 0x00007fffc3f30000 	C:\WINDOWS\SYSTEM32\ntdll.dll
0x00007fffc34e0000 - 0x00007fffc358e000 	C:\WINDOWS\System32\KERNEL32.DLL
0x00007fffc0150000 - 0x00007fffc03b6000 	C:\WINDOWS\System32\KERNELBASE.dll
0x00007fffc3c70000 - 0x00007fffc3d11000 	C:\WINDOWS\System32\ADVAPI32.dll
0x00007fffc39a0000 - 0x00007fffc3a3d000 	C:\WINDOWS\System32\msvcrt.dll
0x00007fffc3590000 - 0x00007fffc35eb000 	C:\WINDOWS\System32\sechost.dll
0x00007fffc33c0000 - 0x00007fffc34df000 	C:\WINDOWS\System32\RPCRT4.dll
0x00007fffc3810000 - 0x00007fffc399f000 	C:\WINDOWS\System32\USER32.dll
0x00007fffc1060000 - 0x00007fffc1080000 	C:\WINDOWS\System32\win32u.dll
0x00007fffc2980000 - 0x00007fffc29a8000 	C:\WINDOWS\System32\GDI32.dll
0x00007fffc1080000 - 0x00007fffc1213000 	C:\WINDOWS\System32\gdi32full.dll
0x00007fffc0b10000 - 0x00007fffc0bab000 	C:\WINDOWS\System32\msvcp_win.dll
0x00007fffc0e60000 - 0x00007fffc0f54000 	C:\WINDOWS\System32\ucrtbase.dll
0x00007fffb06d0000 - 0x00007fffb0939000 	C:\WINDOWS\WinSxS\amd64_microsoft.windows.common-controls_6595b64144ccf1df_6.0.16299.1685_none_0f90a16e5a65585b\COMCTL32.dll
0x00007fffc2ba0000 - 0x00007fffc2ea6000 	C:\WINDOWS\System32\combase.dll
0x00007fffc0de0000 - 0x00007fffc0e58000 	C:\WINDOWS\System32\bcryptPrimitives.dll
0x00007fffc3b70000 - 0x00007fffc3b9d000 	C:\WINDOWS\System32\IMM32.DLL
0x0000000059bc0000 - 0x0000000059c92000 	C:\Program Files\Java\jdk1.8.0_40\jre\bin\msvcr100.dll
0x0000000059330000 - 0x0000000059bb3000 	C:\Program Files\Java\jdk1.8.0_40\jre\bin\server\jvm.dll
0x00007fffc3ae0000 - 0x00007fffc3ae8000 	C:\WINDOWS\System32\PSAPI.DLL
0x00007fffad3d0000 - 0x00007fffad3d9000 	C:\WINDOWS\SYSTEM32\WSOCK32.dll
0x00007fffc3650000 - 0x00007fffc36bc000 	C:\WINDOWS\System32\WS2_32.dll
0x00007fffbbe50000 - 0x00007fffbbe73000 	C:\WINDOWS\SYSTEM32\WINMM.dll
0x00007fffb8b30000 - 0x00007fffb8b3a000 	C:\WINDOWS\SYSTEM32\VERSION.dll
0x00007fffbbdf0000 - 0x00007fffbbe1a000 	C:\WINDOWS\SYSTEM32\WINMMBASE.dll
0x00007fffc1010000 - 0x00007fffc105a000 	C:\WINDOWS\System32\cfgmgr32.dll
0x0000000059320000 - 0x000000005932f000 	C:\Program Files\Java\jdk1.8.0_40\jre\bin\verify.dll
0x00000000592f0000 - 0x0000000059319000 	C:\Program Files\Java\jdk1.8.0_40\jre\bin\java.dll
0x00000000591a0000 - 0x00000000591c3000 	C:\Program Files\Java\jdk1.8.0_40\jre\bin\instrument.dll
0x00000000592d0000 - 0x00000000592e6000 	C:\Program Files\Java\jdk1.8.0_40\jre\bin\zip.dll
0x00007fffc1330000 - 0x00007fffc276d000 	C:\WINDOWS\System32\SHELL32.dll
0x00007fffc3300000 - 0x00007fffc33a6000 	C:\WINDOWS\System32\shcore.dll
0x00007fffc03c0000 - 0x00007fffc0b0a000 	C:\WINDOWS\System32\windows.storage.dll
0x00007fffc35f0000 - 0x00007fffc3641000 	C:\WINDOWS\System32\shlwapi.dll
0x00007fffc00c0000 - 0x00007fffc00d1000 	C:\WINDOWS\System32\kernel.appcore.dll
0x00007fffc0100000 - 0x00007fffc014c000 	C:\WINDOWS\System32\powrprof.dll
0x00007fffc00a0000 - 0x00007fffc00bb000 	C:\WINDOWS\System32\profapi.dll
0x00007fffb9ff0000 - 0x00007fffba00a000 	C:\Program Files\JetBrains\IntelliJ IDEA 2019.2.3\bin\breakgen64.dll
0x00000000592b0000 - 0x00000000592ca000 	C:\Program Files\Java\jdk1.8.0_40\jre\bin\net.dll
0x00007fffbf900000 - 0x00007fffbf966000 	C:\WINDOWS\system32\mswsock.dll
0x00007fffad400000 - 0x00007fffad57b000 	C:\Program Files (x86)\Sangfor\SSL\ClientComponent\SangforTcpX64.dll
0x00007fffc36c0000 - 0x00007fffc3809000 	C:\WINDOWS\System32\ole32.dll
0x00007fffc3ba0000 - 0x00007fffc3c64000 	C:\WINDOWS\System32\OLEAUT32.dll
0x00007fffc0bb0000 - 0x00007fffc0c09000 	C:\WINDOWS\System32\WINTRUST.dll
0x00007fffc00e0000 - 0x00007fffc00f2000 	C:\WINDOWS\System32\MSASN1.dll
0x00007fffc0c10000 - 0x00007fffc0dde000 	C:\WINDOWS\System32\CRYPT32.dll
0x00007fffaacd0000 - 0x00007fffaacff000 	C:\Program Files (x86)\Sangfor\SSL\ClientComponent\SangforNspX64.dll
0x00007fffbf690000 - 0x00007fffbf747000 	C:\WINDOWS\SYSTEM32\DNSAPI.dll
0x00007fffc2770000 - 0x00007fffc2778000 	C:\WINDOWS\System32\NSI.dll
0x00007fffbf650000 - 0x00007fffbf689000 	C:\WINDOWS\SYSTEM32\IPHLPAPI.DLL
0x00007fffb1950000 - 0x00007fffb195a000 	C:\Windows\System32\rasadhlp.dll
0x00007fffb0380000 - 0x00007fffb03f0000 	C:\WINDOWS\System32\fwpuclnt.dll
0x00007fffbfbd0000 - 0x00007fffbfbf5000 	C:\WINDOWS\SYSTEM32\bcrypt.dll
0x00000000591d0000 - 0x00000000591dd000 	C:\Program Files\Java\jdk1.8.0_40\jre\bin\management.dll
0x0000000059290000 - 0x00000000592a1000 	C:\Program Files\Java\jdk1.8.0_40\jre\bin\nio.dll
0x00007fffbfac0000 - 0x00007fffbfad7000 	C:\WINDOWS\SYSTEM32\CRYPTSP.dll
0x00007fffbf4c0000 - 0x00007fffbf4f3000 	C:\WINDOWS\system32\rsaenh.dll
0x00007fffbffd0000 - 0x00007fffbfff9000 	C:\WINDOWS\SYSTEM32\USERENV.dll
0x00007fffbfae0000 - 0x00007fffbfaeb000 	C:\WINDOWS\SYSTEM32\CRYPTBASE.dll
0x00007fffb83f0000 - 0x00007fffb8406000 	C:\WINDOWS\SYSTEM32\dhcpcsvc6.DLL
0x00007fffb8bb0000 - 0x00007fffb8bca000 	C:\WINDOWS\SYSTEM32\dhcpcsvc.DLL
0x00007fffa8d10000 - 0x00007fffa8d26000 	C:\WINDOWS\system32\napinsp.dll
0x00007fffa8cf0000 - 0x00007fffa8d0a000 	C:\WINDOWS\system32\pnrpnsp.dll
0x00007fffbc160000 - 0x00007fffbc178000 	C:\WINDOWS\system32\NLAapi.dll
0x00007fffa8bd0000 - 0x00007fffa8bde000 	C:\WINDOWS\System32\winrnr.dll
0x00007fffba9d0000 - 0x00007fffba9e5000 	C:\WINDOWS\System32\wshbth.dll
0x00007fffbeae0000 - 0x00007fffbeca8000 	C:\WINDOWS\SYSTEM32\dbghelp.dll

VM Arguments:
jvm_args: -XX:TieredStopAtLevel=1 -Xverify:none -Dspring.output.ansi.enabled=always -Dcom.sun.management.jmxremote -Dspring.jmx.enabled=true -Dspring.liveBeansView.mbeanDomain -Dspring.application.admin.enabled=true -javaagent:C:\Program Files\JetBrains\IntelliJ IDEA 2019.2.3\lib\idea_rt.jar=49240:C:\Program Files\JetBrains\IntelliJ IDEA 2019.2.3\bin -Dfile.encoding=UTF-8 
java_command: com.nowcoder.WendaApplication
java_class_path (initial): C:\Program Files\Java\jdk1.8.0_40\jre\lib\charsets.jar;C:\Program Files\Java\jdk1.8.0_40\jre\lib\deploy.jar;C:\Program Files\Java\jdk1.8.0_40\jre\lib\ext\access-bridge-64.jar;C:\Program Files\Java\jdk1.8.0_40\jre\lib\ext\cldrdata.jar;C:\Program Files\Java\jdk1.8.0_40\jre\lib\ext\dnsns.jar;C:\Program Files\Java\jdk1.8.0_40\jre\lib\ext\jaccess.jar;C:\Program Files\Java\jdk1.8.0_40\jre\lib\ext\jfxrt.jar;C:\Program Files\Java\jdk1.8.0_40\jre\lib\ext\localedata.jar;C:\Program Files\Java\jdk1.8.0_40\jre\lib\ext\nashorn.jar;C:\Program Files\Java\jdk1.8.0_40\jre\lib\ext\sunec.jar;C:\Program Files\Java\jdk1.8.0_40\jre\lib\ext\sunjce_provider.jar;C:\Program Files\Java\jdk1.8.0_40\jre\lib\ext\sunmscapi.jar;C:\Program Files\Java\jdk1.8.0_40\jre\lib\ext\sunpkcs11.jar;C:\Program Files\Java\jdk1.8.0_40\jre\lib\ext\zipfs.jar;C:\Program Files\Java\jdk1.8.0_40\jre\lib\javaws.jar;C:\Program Files\Java\jdk1.8.0_40\jre\lib\jce.jar;C:\Program Files\Java\jdk1.8.0_40\jre\lib\jfr.jar;C:\Program Files\Java\jdk1.8.0_40\jre\lib\jfxswt.jar;C:\Program Files\Java\jdk1.8.0_40\jre\lib\jsse.jar;C:\Program Files\Java\jdk1.8.0_40\jre\lib\management-agent.jar;C:\Program Files\Java\jdk1.8.0_40\jre\lib\plugin.jar;C:\Program Files\Java\jdk1.8.0_40\jre\lib\resources.jar;C:\Program Files\Java\jdk1.8.0_40\jre\lib\rt.jar;F:\wenda\target\classes;C:\Users\Administrator\.m2\repository\org\hamcrest\hamcrest-core\1.3\hamcrest-core-1.3.jar;C:\Users\Administrator\.m2\repository\org\springframework\boot\spring-boot-starter-web\1.4.2.RELEASE\spring-boot-starter-web-1.4.2.RELEASE.jar;C:\Users\Administrator\.m2\repository\org\springframework\boot\spring-boot-starter\1.4.2.RELEASE\spring-boot-starter-1.4.2.RELEASE.jar;C:\Users\Administrator\.m2\repository\org\springframework\boot\spring-boot-starter-logging\1.4.2.RELEASE\spring-boot-starter-logging-1.4.2.RELEASE.jar;C:\Users\Administrator\.m2\repository\ch\qos\logback\logback-classic\1.1.7\logback-classic-1.1.7.jar;C:\Users\Administrator\.m2\
Launcher Type: SUN_STANDARD

Environment Variables:
JAVA_HOME=C:\Program Files\Java\jdk1.8.0_40
CLASSPATH=.;C:\Program Files\Java\jdk1.8.0_40\lib\dt.jar;C:\Program Files\Java\jdk1.8.0_40\lib\tools.jar; 
PATH=C:\Program Files\Python37\Scripts\;C:\Program Files\Python37\;C:\ProgramData\Oracle\Java\javapath;C:;C:\Program Files\MySQL\MySQL Server 5.7\bin;C:\Program Files\Java\jdk1.8.0_40\bin;C:\Program Files\Java\jdk1.8.0_40\jre\bin;\Windows\system32;C:\Windows;C:\Windows\System32\Wbem;C:\Windows\System32\WindowsPowerShell\v1.0\;C:\Program Files (x86)\NVIDIA Corporation\PhysX\Common;C:\WINDOWS\system32;C:\WINDOWS;C:\WINDOWS\System32\Wbem;C:\WINDOWS\System32\WindowsPowerShell\v1.0\;C:\Program Files\MySQL\MySQL Server 5.7\bin;F:\apache-maven-3.3.9\bin\;F:\apache-tomcat-7.0.93\bin;C:\Program Files\Python37;C:\Users\Administrator\AppData\Local\Programs\Python\Python38-32\Scripts\;C:\Users\Administrator\AppData\Local\Programs\Python\Python38-32\;C:\Users\Administrator\AppData\Local\Microsoft\WindowsApps;C:\Program Files\MySQL\MySQL Server 5.7\bin;F:\apache-tomcat-7.0.93\bin;C:\ProgramData\Administrator\GitHubDesktop\bin;C:\Users\Administrator\AppData\Local\GitHubDesktop\bin;E:\Python\PyCharm 2019.1.3\bin;;C:\Program Files\Python37;;C:\Program Files\JetBrains\IntelliJ IDEA 2019.2.3\bin;
USERNAME=Administrator
OS=Windows_NT
PROCESSOR_IDENTIFIER=Intel64 Family 6 Model 78 Stepping 3, GenuineIntel



---------------  S Y S T E M  ---------------

OS: Windows 10.0 , 64 bit Build 16299 (10.0.16299.1146)

CPU:total 4 (2 cores per cpu, 2 threads per core) family 6 model 78 stepping 3, cmov, cx8, fxsr, mmx, sse, sse2, sse3, ssse3, sse4.1, sse4.2, popcnt, avx, avx2, aes, clmul, erms, 3dnowpref, lzcnt, ht, tsc, tscinvbit, bmi1, bmi2, adx

Memory: 4k page, physical 8223592k(434984k free), swap 23656916k(6648k free)

vm_info: Java HotSpot(TM) 64-Bit Server VM (25.40-b25) for windows-amd64 JRE (1.8.0_40-b25), built on Feb 10 2015 21:53:57 by "java_re" with MS VC++ 10.0 (VS2010)

time: Mon Mar 23 10:58:35 2020
elapsed time: 4 seconds (0d 0h 0m 4s)

