#
# There is insufficient memory for the Java Runtime Environment to continue.
# Native memory allocation (mmap) failed to map 132120576 bytes for Failed to commit area from 0x0000000082800000 to 0x000000008a600000 of length 132120576.
# Possible reasons:
#   The system is out of physical RAM or swap space
#   The process is running with CompressedOops enabled, and the Java Heap may be blocking the growth of the native heap
# Possible solutions:
#   Reduce memory load on the system
#   Increase physical memory or swap space
#   Check if swap backing store is full
#   Decrease Java heap size (-Xmx/-Xms)
#   Decrease number of Java threads
#   Decrease Java thread stack sizes (-Xss)
#   Set larger code cache with -XX:ReservedCodeCacheSize=
# This output file may be truncated or incomplete.
#
#  Out of Memory Error (c:/BuildAgent/work/1eae4dac1d648407/src/hotspot/os/windows/os_windows.cpp:3296), pid=22784, tid=12652
#
# JRE version:  (11.0.6+8) (build )
# Java VM: OpenJDK 64-Bit Server VM (11.0.6+8-b765.25, mixed mode, sharing, tiered, compressed oops, g1 gc, windows-amd64)
# No core dump will be written. Minidumps are not enabled by default on client versions of Windows
#

---------------  S U M M A R Y ------------

Command Line: org.jetbrains.git4idea.http.GitAskPassApp Username for 'https://github.com': 

Host: Intel(R) Core(TM) i5-6200U CPU @ 2.30GHz, 4 cores, 7G,  Windows 10 , 64 bit Build 16299 (10.0.16299.1146)
Time: Wed Jun  3 15:36:30 2020 ?D1¨²¡À¨º¡Á?¨º¡À?? elapsed time: 0 seconds (0d 0h 0m 0s)

---------------  T H R E A D  ---------------

Current thread (0x000001d833a8b800):  JavaThread "Unknown thread" [_thread_in_vm, id=12652, stack(0x000000b498400000,0x000000b498500000)]

Stack: [0x000000b498400000,0x000000b498500000]
Native frames: (J=compiled Java code, j=interpreted, Vv=VM code, C=native code)
V  [jvm.dll+0x5de3ca]
V  [jvm.dll+0x710ae5]
V  [jvm.dll+0x712005]
V  [jvm.dll+0x7126b3]
V  [jvm.dll+0x23e708]
V  [jvm.dll+0x5db874]
V  [jvm.dll+0x5d0aa5]
V  [jvm.dll+0x2fb0fb]
V  [jvm.dll+0x2fb06a]
V  [jvm.dll+0x2faf42]
V  [jvm.dll+0x2ffe16]
V  [jvm.dll+0x348723]
V  [jvm.dll+0x348e26]
V  [jvm.dll+0x348823]
V  [jvm.dll+0x2d58a8]
V  [jvm.dll+0x2d6a47]
V  [jvm.dll+0x6ef917]
V  [jvm.dll+0x6f110c]
V  [jvm.dll+0x355d69]
V  [jvm.dll+0x6d4afe]
V  [jvm.dll+0x3bf3d3]
V  [jvm.dll+0x3c1921]
C  [jli.dll+0x5363]
C  [ucrtbase.dll+0x1fa95]
C  [KERNEL32.DLL+0x137e4]
C  [ntdll.dll+0x6cb81]


---------------  P R O C E S S  ---------------

Threads class SMR info:
_java_thread_list=0x000001d831871d60, length=0, elements={
}

Java Threads: ( => current thread )

Other Threads:
  0x000001d833aa5000 GCTaskThread "GC Thread#0" [stack: 0x000000b498500000,0x000000b498600000] [id=11848]
  0x000001d833ad5800 ConcurrentGCThread "G1 Main Marker" [stack: 0x000000b498600000,0x000000b498700000] [id=21776]
  0x000001d833ad6800 ConcurrentGCThread "G1 Conc#0" [stack: 0x000000b498700000,0x000000b498800000] [id=25120]

[error occurred during error reporting (printing all threads), id 0xc0000005, EXCEPTION_ACCESS_VIOLATION (0xc0000005) at pc=0x00007ffbe96a6227]

VM state:not at safepoint (not fully initialized)

VM Mutex/Monitor currently owned by a thread:  ([mutex/lock_event])
[0x000001d833a8a0e0] Heap_lock - owner thread: 0x000001d833a8b800

Heap address: 0x0000000082800000, size: 2008 MB, Compressed Oops mode: Non-zero based: 0x0000000082800000
Narrow klass base: 0x0000000000000000, Narrow klass shift: 0

GC Heap History (0 events):
No events

Deoptimization events (0 events):
No events

Classes redefined (0 events):
No events

Internal exceptions (0 events):
No events

Events (2 events):
Event: 0.017 Loaded shared library C:\Program Files\JetBrains\IntelliJ IDEA 2019.2.3\jbr\bin\zip.dll
Event: 0.017 Loaded shared library C:\Program Files\JetBrains\IntelliJ IDEA 2019.2.3\jbr\bin\jimage.dll


Dynamic libraries:
0x00007ff789ae0000 - 0x00007ff789aea000 	C:\Program Files\JetBrains\IntelliJ IDEA 2019.2.3\jbr\bin\java.exe
0x00007ffc21760000 - 0x00007ffc21940000 	C:\WINDOWS\SYSTEM32\ntdll.dll
0x00007ffc21070000 - 0x00007ffc2111e000 	C:\WINDOWS\System32\KERNEL32.DLL
0x00007ffc1e0e0000 - 0x00007ffc1e346000 	C:\WINDOWS\System32\KERNELBASE.dll
0x00007ffc1dfc0000 - 0x00007ffc1e0b4000 	C:\WINDOWS\System32\ucrtbase.dll
0x00007ffc0a1a0000 - 0x00007ffc0a1b9000 	C:\Program Files\JetBrains\IntelliJ IDEA 2019.2.3\jbr\bin\jli.dll
0x00007ffc20ee0000 - 0x00007ffc2106f000 	C:\WINDOWS\System32\USER32.dll
0x00007ffc1e0c0000 - 0x00007ffc1e0e0000 	C:\WINDOWS\System32\win32u.dll
0x00007ffc21120000 - 0x00007ffc21148000 	C:\WINDOWS\System32\GDI32.dll
0x00007ffc1dc00000 - 0x00007ffc1dd93000 	C:\WINDOWS\System32\gdi32full.dll
0x00007ffc1db60000 - 0x00007ffc1dbfb000 	C:\WINDOWS\System32\msvcp_win.dll
0x00007ffc190b0000 - 0x00007ffc190c7000 	C:\Program Files\JetBrains\IntelliJ IDEA 2019.2.3\jbr\bin\VCRUNTIME140.dll
0x00007ffc0fa00000 - 0x00007ffc0fc69000 	C:\WINDOWS\WinSxS\amd64_microsoft.windows.common-controls_6595b64144ccf1df_6.0.16299.1685_none_0f90a16e5a65585b\COMCTL32.dll
0x00007ffc20500000 - 0x00007ffc2059d000 	C:\WINDOWS\System32\msvcrt.dll
0x00007ffc212b0000 - 0x00007ffc215b6000 	C:\WINDOWS\System32\combase.dll
0x00007ffc20a70000 - 0x00007ffc20b8f000 	C:\WINDOWS\System32\RPCRT4.dll
0x00007ffc1ebb0000 - 0x00007ffc1ec28000 	C:\WINDOWS\System32\bcryptPrimitives.dll
0x00007ffc211b0000 - 0x00007ffc211dd000 	C:\WINDOWS\System32\IMM32.DLL
0x00007ffbfdf30000 - 0x00007ffbfdfcd000 	C:\Program Files\JetBrains\IntelliJ IDEA 2019.2.3\jbr\bin\msvcp140.dll
0x00007ffbe93c0000 - 0x00007ffbe9e7d000 	C:\Program Files\JetBrains\IntelliJ IDEA 2019.2.3\jbr\bin\server\jvm.dll
0x00007ffc20d80000 - 0x00007ffc20e21000 	C:\WINDOWS\System32\ADVAPI32.dll
0x00007ffc20320000 - 0x00007ffc2037b000 	C:\WINDOWS\System32\sechost.dll
0x00007ffc20310000 - 0x00007ffc20318000 	C:\WINDOWS\System32\PSAPI.DLL
0x00007ffc0e120000 - 0x00007ffc0e129000 	C:\WINDOWS\SYSTEM32\WSOCK32.dll
0x00007ffc20a00000 - 0x00007ffc20a6c000 	C:\WINDOWS\System32\WS2_32.dll
0x00007ffc19740000 - 0x00007ffc19763000 	C:\WINDOWS\SYSTEM32\WINMM.dll
0x00007ffc17b50000 - 0x00007ffc17b5a000 	C:\WINDOWS\SYSTEM32\VERSION.dll
0x00007ffc196e0000 - 0x00007ffc1970a000 	C:\WINDOWS\SYSTEM32\WINMMBASE.dll
0x00007ffc1df70000 - 0x00007ffc1dfba000 	C:\WINDOWS\System32\cfgmgr32.dll
0x00007ffc1db20000 - 0x00007ffc1db31000 	C:\WINDOWS\System32\kernel.appcore.dll
0x00007ffc18220000 - 0x00007ffc18231000 	C:\Program Files\JetBrains\IntelliJ IDEA 2019.2.3\jbr\bin\verify.dll
0x00007ffc1c4f0000 - 0x00007ffc1c6b8000 	C:\WINDOWS\SYSTEM32\DBGHELP.DLL
0x00007ffc0ddf0000 - 0x00007ffc0de19000 	C:\WINDOWS\SYSTEM32\dbgcore.DLL
0x00007ffc0d420000 - 0x00007ffc0d449000 	C:\Program Files\JetBrains\IntelliJ IDEA 2019.2.3\jbr\bin\java.dll
0x00007ffc06ba0000 - 0x00007ffc06bb8000 	C:\Program Files\JetBrains\IntelliJ IDEA 2019.2.3\jbr\bin\zip.dll
0x00007ffc18610000 - 0x00007ffc1861b000 	C:\Program Files\JetBrains\IntelliJ IDEA 2019.2.3\jbr\bin\jimage.dll

dbghelp: loaded successfully - version: 4.0.5 - missing functions: none
symbol engine: initialized successfully - sym options: 0x614 - pdb path: .;C:\Program Files\JetBrains\IntelliJ IDEA 2019.2.3\jbr\bin;C:\WINDOWS\SYSTEM32;C:\WINDOWS\WinSxS\amd64_microsoft.windows.common-controls_6595b64144ccf1df_6.0.16299.1685_none_0f90a16e5a65585b;C:\Program Files\JetBrains\IntelliJ IDEA 2019.2.3\jbr\bin\server

VM Arguments:
java_command: org.jetbrains.git4idea.http.GitAskPassApp Username for 'https://github.com': 
java_class_path (initial): C:/Program Files/JetBrains/IntelliJ IDEA 2019.2.3/plugins/git4idea/lib/git4idea-rt.jar;C:/Program Files/JetBrains/IntelliJ IDEA 2019.2.3/lib/xmlrpc-2.0.1.jar;C:/Program Files/JetBrains/IntelliJ IDEA 2019.2.3/lib/commons-codec-1.14.jar;C:/Program Files/JetBrains/IntelliJ IDEA 2019.2.3/lib/util.jar
Launcher Type: SUN_STANDARD

[Global flags]
     intx CICompilerCount                          = 3                                         {product} {ergonomic}
     uint ConcGCThreads                            = 1                                         {product} {ergonomic}
     uint G1ConcRefinementThreads                  = 4                                         {product} {ergonomic}
   size_t G1HeapRegionSize                         = 1048576                                   {product} {ergonomic}
    uintx GCDrainStackTargetSize                   = 64                                        {product} {ergonomic}
   size_t InitialHeapSize                          = 132120576                                 {product} {ergonomic}
   size_t MarkStackSize                            = 4194304                                   {product} {ergonomic}
   size_t MaxHeapSize                              = 2105540608                                {product} {ergonomic}
   size_t MinHeapDeltaBytes                        = 1048576                                   {product} {ergonomic}
    uintx NonNMethodCodeHeapSize                   = 5830732                                {pd product} {ergonomic}
    uintx NonProfiledCodeHeapSize                  = 122913754                              {pd product} {ergonomic}
    uintx ProfiledCodeHeapSize                     = 122913754                              {pd product} {ergonomic}
    uintx ReservedCodeCacheSize                    = 251658240                              {pd product} {ergonomic}
     bool SegmentedCodeCache                       = true                                      {product} {ergonomic}
     bool UseCompressedClassPointers               = true                                 {lp64_product} {ergonomic}
     bool UseCompressedOops                        = true                                 {lp64_product} {ergonomic}
     bool UseG1GC                                  = true                                      {product} {ergonomic}
     bool UseLargePagesIndividualAllocation        = false                                  {pd product} {ergonomic}

Logging:
Log output configuration:
 #0: stdout all=warning uptime,level,tags
 #1: stderr all=off uptime,level,tags

Environment Variables:
JAVA_HOME=C:\Program Files\Java\jdk1.8.0_40
CLASSPATH=.;C:\Program Files\Java\jdk1.8.0_40\lib\dt.jar;C:\Program Files\Java\jdk1.8.0_40\lib\tools.jar; 
PATH=E:\Git\mingw64\libexec\git-core;E:\Git\mingw64\libexec\git-core;E:\Git\mingw64\bin;E:\Git\usr\bin;C:\Users\Administrator\bin;C:\Program Files\Python37\Scripts;C:\Program Files\Python37;C:\ProgramData\Oracle\Java\javapath;C:\;C:\Program Files\MySQL\MySQL Server 5.7\bin;C:\Program Files\Java\jdk1.8.0_40\bin;C:\Program Files\Java\jdk1.8.0_40\jre\bin;F:\Windows\system32;C:\Windows;C:\Windows\System32\Wbem;C:\Windows\System32\WindowsPowerShell\v1.0;C:\Program Files (x86)\NVIDIA Corporation\PhysX\Common;C:\WINDOWS\system32;C:\WINDOWS;C:\WINDOWS\System32\Wbem;C:\WINDOWS\System32\WindowsPowerShell\v1.0;C:\Program Files\MySQL\MySQL Server 5.7\bin;F:\apache-maven-3.3.9\bin;F:\apache-tomcat-7.0.93\bin;C:\Program Files\Python37;E:\Git\cmd;E:\Redis;F:\MyProject\Elasticsearch\elasticsearch-6.4.3\bin;C:\Users\Administrator\AppData\Local\Programs\Python\Python38-32\Scripts;C:\Users\Administrator\AppData\Local\Programs\Python\Python38-32;C:\Users\Administrator\AppData\Local\Microsoft\WindowsApps;C:\Program Files\MySQL\MySQL Server 5.7\bin;F:\apache-tomcat-7.0.93\bin;C:\ProgramData\Administrator\GitHubDesktop\bin;C:\Users\Administrator\AppData\Local\GitHubDesktop\bin;E:\Python\PyCharm 2019.1.3\bin;C:\Program Files\Python37;C:\Program Files\JetBrains\IntelliJ IDEA 2019.2.3\bin
USERNAME=Administrator
DISPLAY=:0.0
OS=Windows_NT
PROCESSOR_IDENTIFIER=Intel64 Family 6 Model 78 Stepping 3, GenuineIntel



---------------  S Y S T E M  ---------------

OS: Windows 10 , 64 bit Build 16299 (10.0.16299.1146)

CPU:total 4 (initial active 4) (2 cores per cpu, 2 threads per core) family 6 model 78 stepping 3, cmov, cx8, fxsr, mmx, sse, sse2, sse3, ssse3, sse4.1, sse4.2, popcnt, avx, avx2, aes, clmul, erms, 3dnowpref, lzcnt, ht, tsc, tscinvbit, bmi1, bmi2, adx, fma

Memory: 4k page, system-wide physical 8030M (669M free)
TotalPageFile size 23102M (AvailPageFile size 17M)
current process WorkingSet (physical memory assigned to process): 10M, peak: 10M
current process commit charge ("private bytes"): 51M, peak: 177M

vm_info: OpenJDK 64-Bit Server VM (11.0.6+8-b765.25) for windows-amd64 JRE (11.0.6+8-b765.25), built on Mar 30 2020 12:57:22 by "" with MS VC++ 14.0 (VS2015)

END.
